<?xml version="1.0" encoding="UTF-8"?>
<testsuite xmlns:xsi="http://www.w3.org/2001/XMLSchema-instance" xsi:noNamespaceSchemaLocation="https://maven.apache.org/surefire/maven-surefire-plugin/xsd/surefire-test-report.xsd" name="com.microFinance1.MicroFinance1Test" time="3.337" tests="1" errors="1" skipped="0" failures="0">
  <properties>
    <property name="java.specification.version" value="17"/>
    <property name="sun.cpu.isalist" value="amd64"/>
    <property name="sun.jnu.encoding" value="Cp1252"/>
    <property name="java.class.path" value="C:\Users\TC\Downloads\microFinance1 (2)\microFinance1\microFinance1\target\test-classes;C:\Users\TC\Downloads\microFinance1 (2)\microFinance1\microFinance1\target\classes;C:\Users\TC\.m2\repository\io\micronaut\micronaut-http-client\3.10.1\micronaut-http-client-3.10.1.jar;C:\Users\TC\.m2\repository\org\slf4j\slf4j-api\1.7.36\slf4j-api-1.7.36.jar;C:\Users\TC\.m2\repository\io\micronaut\micronaut-runtime\3.10.1\micronaut-runtime-3.10.1.jar;C:\Users\TC\.m2\repository\io\micronaut\micronaut-aop\3.10.1\micronaut-aop-3.10.1.jar;C:\Users\TC\.m2\repository\io\micronaut\micronaut-core-reactive\3.10.1\micronaut-core-reactive-3.10.1.jar;C:\Users\TC\.m2\repository\javax\validation\validation-api\2.0.1.Final\validation-api-2.0.1.Final.jar;C:\Users\TC\.m2\repository\io\micronaut\micronaut-http-client-core\3.10.1\micronaut-http-client-core-3.10.1.jar;C:\Users\TC\.m2\repository\io\micronaut\micronaut-websocket\3.10.1\micronaut-websocket-3.10.1.jar;C:\Users\TC\.m2\repository\io\micronaut\micronaut-http-netty\3.10.1\micronaut-http-netty-3.10.1.jar;C:\Users\TC\.m2\repository\io\micronaut\micronaut-buffer-netty\3.10.1\micronaut-buffer-netty-3.10.1.jar;C:\Users\TC\.m2\repository\io\netty\netty-codec-http2\4.1.94.Final\netty-codec-http2-4.1.94.Final.jar;C:\Users\TC\.m2\repository\io\netty\netty-handler\4.1.94.Final\netty-handler-4.1.94.Final.jar;C:\Users\TC\.m2\repository\io\netty\netty-resolver\4.1.94.Final\netty-resolver-4.1.94.Final.jar;C:\Users\TC\.m2\repository\io\netty\netty-transport-native-unix-common\4.1.94.Final\netty-transport-native-unix-common-4.1.94.Final.jar;C:\Users\TC\.m2\repository\io\netty\netty-handler-proxy\4.1.94.Final\netty-handler-proxy-4.1.94.Final.jar;C:\Users\TC\.m2\repository\io\netty\netty-common\4.1.94.Final\netty-common-4.1.94.Final.jar;C:\Users\TC\.m2\repository\io\netty\netty-buffer\4.1.94.Final\netty-buffer-4.1.94.Final.jar;C:\Users\TC\.m2\repository\io\netty\netty-transport\4.1.94.Final\netty-transport-4.1.94.Final.jar;C:\Users\TC\.m2\repository\io\netty\netty-codec\4.1.94.Final\netty-codec-4.1.94.Final.jar;C:\Users\TC\.m2\repository\io\netty\netty-codec-socks\4.1.94.Final\netty-codec-socks-4.1.94.Final.jar;C:\Users\TC\.m2\repository\io\projectreactor\reactor-core\3.5.0\reactor-core-3.5.0.jar;C:\Users\TC\.m2\repository\org\reactivestreams\reactive-streams\1.0.4\reactive-streams-1.0.4.jar;C:\Users\TC\.m2\repository\io\micronaut\micronaut-http-server-netty\3.10.1\micronaut-http-server-netty-3.10.1.jar;C:\Users\TC\.m2\repository\io\micronaut\micronaut-http-server\3.10.1\micronaut-http-server-3.10.1.jar;C:\Users\TC\.m2\repository\io\micronaut\micronaut-router\3.10.1\micronaut-router-3.10.1.jar;C:\Users\TC\.m2\repository\io\micronaut\micronaut-core\3.10.1\micronaut-core-3.10.1.jar;C:\Users\TC\.m2\repository\io\netty\netty-codec-http\4.1.94.Final\netty-codec-http-4.1.94.Final.jar;C:\Users\TC\.m2\repository\io\micronaut\security\micronaut-security\3.11.1\micronaut-security-3.11.1.jar;C:\Users\TC\.m2\repository\io\micronaut\micronaut-inject\3.10.1\micronaut-inject-3.10.1.jar;C:\Users\TC\.m2\repository\javax\annotation\javax.annotation-api\1.3.2\javax.annotation-api-1.3.2.jar;C:\Users\TC\.m2\repository\jakarta\inject\jakarta.inject-api\2.0.1\jakarta.inject-api-2.0.1.jar;C:\Users\TC\.m2\repository\org\yaml\snakeyaml\2.0\snakeyaml-2.0.jar;C:\Users\TC\.m2\repository\io\micronaut\micronaut-http\3.10.1\micronaut-http-3.10.1.jar;C:\Users\TC\.m2\repository\io\micronaut\micronaut-validation\3.10.1\micronaut-validation-3.10.1.jar;C:\Users\TC\.m2\repository\io\micronaut\security\micronaut-security-jwt\3.11.1\micronaut-security-jwt-3.11.1.jar;C:\Users\TC\.m2\repository\com\nimbusds\nimbus-jose-jwt\9.31\nimbus-jose-jwt-9.31.jar;C:\Users\TC\.m2\repository\com\github\stephenc\jcip\jcip-annotations\1.0-1\jcip-annotations-1.0-1.jar;C:\Users\TC\.m2\repository\io\micronaut\security\micronaut-security-annotations\3.11.1\micronaut-security-annotations-3.11.1.jar;C:\Users\TC\.m2\repository\javax\persistence\javax.persistence-api\2.2\javax.persistence-api-2.2.jar;C:\Users\TC\.m2\repository\io\micronaut\micronaut-jackson-databind\3.10.1\micronaut-jackson-databind-3.10.1.jar;C:\Users\TC\.m2\repository\io\micronaut\micronaut-jackson-core\3.10.1\micronaut-jackson-core-3.10.1.jar;C:\Users\TC\.m2\repository\io\micronaut\micronaut-json-core\3.10.1\micronaut-json-core-3.10.1.jar;C:\Users\TC\.m2\repository\com\fasterxml\jackson\core\jackson-core\2.15.0\jackson-core-2.15.0.jar;C:\Users\TC\.m2\repository\com\fasterxml\jackson\core\jackson-databind\2.15.0\jackson-databind-2.15.0.jar;C:\Users\TC\.m2\repository\com\fasterxml\jackson\datatype\jackson-datatype-jdk8\2.15.0\jackson-datatype-jdk8-2.15.0.jar;C:\Users\TC\.m2\repository\com\fasterxml\jackson\datatype\jackson-datatype-jsr310\2.15.0\jackson-datatype-jsr310-2.15.0.jar;C:\Users\TC\.m2\repository\jakarta\annotation\jakarta.annotation-api\2.1.1\jakarta.annotation-api-2.1.1.jar;C:\Users\TC\.m2\repository\ch\qos\logback\logback-classic\1.2.11\logback-classic-1.2.11.jar;C:\Users\TC\.m2\repository\ch\qos\logback\logback-core\1.2.11\logback-core-1.2.11.jar;C:\Users\TC\.m2\repository\org\postgresql\postgresql\42.2.23\postgresql-42.2.23.jar;C:\Users\TC\.m2\repository\org\checkerframework\checker-qual\3.5.0\checker-qual-3.5.0.jar;C:\Users\TC\.m2\repository\io\micronaut\flyway\micronaut-flyway\5.5.0\micronaut-flyway-5.5.0.jar;C:\Users\TC\.m2\repository\org\flywaydb\flyway-core\8.5.13\flyway-core-8.5.13.jar;C:\Users\TC\.m2\repository\io\micronaut\micronaut-management\3.10.1\micronaut-management-3.10.1.jar;C:\Users\TC\.m2\repository\io\micronaut\sql\micronaut-jdbc\4.8.1\micronaut-jdbc-4.8.1.jar;C:\Users\TC\.m2\repository\io\micronaut\data\micronaut-data-r2dbc\3.10.0\micronaut-data-r2dbc-3.10.0.jar;C:\Users\TC\.m2\repository\io\micronaut\data\micronaut-data-model\3.10.0\micronaut-data-model-3.10.0.jar;C:\Users\TC\.m2\repository\io\micronaut\data\micronaut-data-tx\3.10.0\micronaut-data-tx-3.10.0.jar;C:\Users\TC\.m2\repository\javax\transaction\javax.transaction-api\1.3\javax.transaction-api-1.3.jar;C:\Users\TC\.m2\repository\io\micronaut\data\micronaut-data-runtime\3.10.0\micronaut-data-runtime-3.10.0.jar;C:\Users\TC\.m2\repository\io\micronaut\r2dbc\micronaut-r2dbc-core\4.0.0\micronaut-r2dbc-core-4.0.0.jar;C:\Users\TC\.m2\repository\io\r2dbc\r2dbc-spi\1.0.0.RELEASE\r2dbc-spi-1.0.0.RELEASE.jar;C:\Users\TC\.m2\repository\io\micronaut\serde\micronaut-serde-jackson\1.5.3\micronaut-serde-jackson-1.5.3.jar;C:\Users\TC\.m2\repository\com\fasterxml\jackson\core\jackson-annotations\2.15.0\jackson-annotations-2.15.0.jar;C:\Users\TC\.m2\repository\io\micronaut\micronaut-context\3.10.1\micronaut-context-3.10.1.jar;C:\Users\TC\.m2\repository\io\micronaut\serde\micronaut-serde-api\1.5.3\micronaut-serde-api-1.5.3.jar;C:\Users\TC\.m2\repository\io\micronaut\serde\micronaut-serde-support\1.5.3\micronaut-serde-support-1.5.3.jar;C:\Users\TC\.m2\repository\io\r2dbc\r2dbc-postgresql\0.8.13.RELEASE\r2dbc-postgresql-0.8.13.RELEASE.jar;C:\Users\TC\.m2\repository\com\ongres\scram\client\2.1\client-2.1.jar;C:\Users\TC\.m2\repository\com\ongres\scram\common\2.1\common-2.1.jar;C:\Users\TC\.m2\repository\com\ongres\stringprep\saslprep\1.1\saslprep-1.1.jar;C:\Users\TC\.m2\repository\com\ongres\stringprep\stringprep\1.1\stringprep-1.1.jar;C:\Users\TC\.m2\repository\io\projectreactor\netty\reactor-netty\0.9.25.RELEASE\reactor-netty-0.9.25.RELEASE.jar;C:\Users\TC\.m2\repository\io\netty\netty-transport-native-epoll\4.1.94.Final\netty-transport-native-epoll-4.1.94.Final-linux-x86_64.jar;C:\Users\TC\.m2\repository\io\netty\netty-transport-classes-epoll\4.1.94.Final\netty-transport-classes-epoll-4.1.94.Final.jar;C:\Users\TC\.m2\repository\io\micronaut\reactor\micronaut-reactor\2.6.0\micronaut-reactor-2.6.0.jar;C:\Users\TC\.m2\repository\org\mapstruct\mapstruct\1.5.0.Final\mapstruct-1.5.0.Final.jar;C:\Users\TC\.m2\repository\org\mapstruct\mapstruct-processor\1.5.0.Final\mapstruct-processor-1.5.0.Final.jar;C:\Users\TC\.m2\repository\org\projectlombok\lombok\1.18.24\lombok-1.18.24.jar;C:\Users\TC\.m2\repository\io\micronaut\test\micronaut-test-junit5\3.9.2\micronaut-test-junit5-3.9.2.jar;C:\Users\TC\.m2\repository\io\micronaut\test\micronaut-test-core\3.9.2\micronaut-test-core-3.9.2.jar;C:\Users\TC\.m2\repository\org\junit\jupiter\junit-jupiter-api\5.9.1\junit-jupiter-api-5.9.1.jar;C:\Users\TC\.m2\repository\org\opentest4j\opentest4j\1.2.0\opentest4j-1.2.0.jar;C:\Users\TC\.m2\repository\org\junit\platform\junit-platform-commons\1.9.1\junit-platform-commons-1.9.1.jar;C:\Users\TC\.m2\repository\org\apiguardian\apiguardian-api\1.1.2\apiguardian-api-1.1.2.jar;C:\Users\TC\.m2\repository\org\junit\jupiter\junit-jupiter-engine\5.9.1\junit-jupiter-engine-5.9.1.jar;C:\Users\TC\.m2\repository\org\junit\platform\junit-platform-engine\1.9.1\junit-platform-engine-1.9.1.jar;"/>
    <property name="java.vm.vendor" value="Oracle Corporation"/>
    <property name="sun.arch.data.model" value="64"/>
    <property name="user.variant" value=""/>
    <property name="java.vendor.url" value="https://java.oracle.com/"/>
    <property name="user.timezone" value="Asia/Calcutta"/>
    <property name="os.name" value="Windows 10"/>
    <property name="java.vm.specification.version" value="17"/>
    <property name="sun.java.launcher" value="SUN_STANDARD"/>
    <property name="user.country" value="IN"/>
    <property name="sun.boot.library.path" value="C:\Program Files\Java\jdk-17\bin"/>
    <property name="sun.java.command" value="C:\Users\TC\AppData\Local\Temp\surefire3039269994268588295\surefirebooter18223097937237498475.jar C:\Users\TC\AppData\Local\Temp\surefire3039269994268588295 2023-10-10T20-06-15_120-jvmRun1 surefire7046636348336936111tmp surefire_010510820001590943497tmp"/>
    <property name="jdk.debug" value="release"/>
    <property name="surefire.test.class.path" value="C:\Users\TC\Downloads\microFinance1 (2)\microFinance1\microFinance1\target\test-classes;C:\Users\TC\Downloads\microFinance1 (2)\microFinance1\microFinance1\target\classes;C:\Users\TC\.m2\repository\io\micronaut\micronaut-http-client\3.10.1\micronaut-http-client-3.10.1.jar;C:\Users\TC\.m2\repository\org\slf4j\slf4j-api\1.7.36\slf4j-api-1.7.36.jar;C:\Users\TC\.m2\repository\io\micronaut\micronaut-runtime\3.10.1\micronaut-runtime-3.10.1.jar;C:\Users\TC\.m2\repository\io\micronaut\micronaut-aop\3.10.1\micronaut-aop-3.10.1.jar;C:\Users\TC\.m2\repository\io\micronaut\micronaut-core-reactive\3.10.1\micronaut-core-reactive-3.10.1.jar;C:\Users\TC\.m2\repository\javax\validation\validation-api\2.0.1.Final\validation-api-2.0.1.Final.jar;C:\Users\TC\.m2\repository\io\micronaut\micronaut-http-client-core\3.10.1\micronaut-http-client-core-3.10.1.jar;C:\Users\TC\.m2\repository\io\micronaut\micronaut-websocket\3.10.1\micronaut-websocket-3.10.1.jar;C:\Users\TC\.m2\repository\io\micronaut\micronaut-http-netty\3.10.1\micronaut-http-netty-3.10.1.jar;C:\Users\TC\.m2\repository\io\micronaut\micronaut-buffer-netty\3.10.1\micronaut-buffer-netty-3.10.1.jar;C:\Users\TC\.m2\repository\io\netty\netty-codec-http2\4.1.94.Final\netty-codec-http2-4.1.94.Final.jar;C:\Users\TC\.m2\repository\io\netty\netty-handler\4.1.94.Final\netty-handler-4.1.94.Final.jar;C:\Users\TC\.m2\repository\io\netty\netty-resolver\4.1.94.Final\netty-resolver-4.1.94.Final.jar;C:\Users\TC\.m2\repository\io\netty\netty-transport-native-unix-common\4.1.94.Final\netty-transport-native-unix-common-4.1.94.Final.jar;C:\Users\TC\.m2\repository\io\netty\netty-handler-proxy\4.1.94.Final\netty-handler-proxy-4.1.94.Final.jar;C:\Users\TC\.m2\repository\io\netty\netty-common\4.1.94.Final\netty-common-4.1.94.Final.jar;C:\Users\TC\.m2\repository\io\netty\netty-buffer\4.1.94.Final\netty-buffer-4.1.94.Final.jar;C:\Users\TC\.m2\repository\io\netty\netty-transport\4.1.94.Final\netty-transport-4.1.94.Final.jar;C:\Users\TC\.m2\repository\io\netty\netty-codec\4.1.94.Final\netty-codec-4.1.94.Final.jar;C:\Users\TC\.m2\repository\io\netty\netty-codec-socks\4.1.94.Final\netty-codec-socks-4.1.94.Final.jar;C:\Users\TC\.m2\repository\io\projectreactor\reactor-core\3.5.0\reactor-core-3.5.0.jar;C:\Users\TC\.m2\repository\org\reactivestreams\reactive-streams\1.0.4\reactive-streams-1.0.4.jar;C:\Users\TC\.m2\repository\io\micronaut\micronaut-http-server-netty\3.10.1\micronaut-http-server-netty-3.10.1.jar;C:\Users\TC\.m2\repository\io\micronaut\micronaut-http-server\3.10.1\micronaut-http-server-3.10.1.jar;C:\Users\TC\.m2\repository\io\micronaut\micronaut-router\3.10.1\micronaut-router-3.10.1.jar;C:\Users\TC\.m2\repository\io\micronaut\micronaut-core\3.10.1\micronaut-core-3.10.1.jar;C:\Users\TC\.m2\repository\io\netty\netty-codec-http\4.1.94.Final\netty-codec-http-4.1.94.Final.jar;C:\Users\TC\.m2\repository\io\micronaut\security\micronaut-security\3.11.1\micronaut-security-3.11.1.jar;C:\Users\TC\.m2\repository\io\micronaut\micronaut-inject\3.10.1\micronaut-inject-3.10.1.jar;C:\Users\TC\.m2\repository\javax\annotation\javax.annotation-api\1.3.2\javax.annotation-api-1.3.2.jar;C:\Users\TC\.m2\repository\jakarta\inject\jakarta.inject-api\2.0.1\jakarta.inject-api-2.0.1.jar;C:\Users\TC\.m2\repository\org\yaml\snakeyaml\2.0\snakeyaml-2.0.jar;C:\Users\TC\.m2\repository\io\micronaut\micronaut-http\3.10.1\micronaut-http-3.10.1.jar;C:\Users\TC\.m2\repository\io\micronaut\micronaut-validation\3.10.1\micronaut-validation-3.10.1.jar;C:\Users\TC\.m2\repository\io\micronaut\security\micronaut-security-jwt\3.11.1\micronaut-security-jwt-3.11.1.jar;C:\Users\TC\.m2\repository\com\nimbusds\nimbus-jose-jwt\9.31\nimbus-jose-jwt-9.31.jar;C:\Users\TC\.m2\repository\com\github\stephenc\jcip\jcip-annotations\1.0-1\jcip-annotations-1.0-1.jar;C:\Users\TC\.m2\repository\io\micronaut\security\micronaut-security-annotations\3.11.1\micronaut-security-annotations-3.11.1.jar;C:\Users\TC\.m2\repository\javax\persistence\javax.persistence-api\2.2\javax.persistence-api-2.2.jar;C:\Users\TC\.m2\repository\io\micronaut\micronaut-jackson-databind\3.10.1\micronaut-jackson-databind-3.10.1.jar;C:\Users\TC\.m2\repository\io\micronaut\micronaut-jackson-core\3.10.1\micronaut-jackson-core-3.10.1.jar;C:\Users\TC\.m2\repository\io\micronaut\micronaut-json-core\3.10.1\micronaut-json-core-3.10.1.jar;C:\Users\TC\.m2\repository\com\fasterxml\jackson\core\jackson-core\2.15.0\jackson-core-2.15.0.jar;C:\Users\TC\.m2\repository\com\fasterxml\jackson\core\jackson-databind\2.15.0\jackson-databind-2.15.0.jar;C:\Users\TC\.m2\repository\com\fasterxml\jackson\datatype\jackson-datatype-jdk8\2.15.0\jackson-datatype-jdk8-2.15.0.jar;C:\Users\TC\.m2\repository\com\fasterxml\jackson\datatype\jackson-datatype-jsr310\2.15.0\jackson-datatype-jsr310-2.15.0.jar;C:\Users\TC\.m2\repository\jakarta\annotation\jakarta.annotation-api\2.1.1\jakarta.annotation-api-2.1.1.jar;C:\Users\TC\.m2\repository\ch\qos\logback\logback-classic\1.2.11\logback-classic-1.2.11.jar;C:\Users\TC\.m2\repository\ch\qos\logback\logback-core\1.2.11\logback-core-1.2.11.jar;C:\Users\TC\.m2\repository\org\postgresql\postgresql\42.2.23\postgresql-42.2.23.jar;C:\Users\TC\.m2\repository\org\checkerframework\checker-qual\3.5.0\checker-qual-3.5.0.jar;C:\Users\TC\.m2\repository\io\micronaut\flyway\micronaut-flyway\5.5.0\micronaut-flyway-5.5.0.jar;C:\Users\TC\.m2\repository\org\flywaydb\flyway-core\8.5.13\flyway-core-8.5.13.jar;C:\Users\TC\.m2\repository\io\micronaut\micronaut-management\3.10.1\micronaut-management-3.10.1.jar;C:\Users\TC\.m2\repository\io\micronaut\sql\micronaut-jdbc\4.8.1\micronaut-jdbc-4.8.1.jar;C:\Users\TC\.m2\repository\io\micronaut\data\micronaut-data-r2dbc\3.10.0\micronaut-data-r2dbc-3.10.0.jar;C:\Users\TC\.m2\repository\io\micronaut\data\micronaut-data-model\3.10.0\micronaut-data-model-3.10.0.jar;C:\Users\TC\.m2\repository\io\micronaut\data\micronaut-data-tx\3.10.0\micronaut-data-tx-3.10.0.jar;C:\Users\TC\.m2\repository\javax\transaction\javax.transaction-api\1.3\javax.transaction-api-1.3.jar;C:\Users\TC\.m2\repository\io\micronaut\data\micronaut-data-runtime\3.10.0\micronaut-data-runtime-3.10.0.jar;C:\Users\TC\.m2\repository\io\micronaut\r2dbc\micronaut-r2dbc-core\4.0.0\micronaut-r2dbc-core-4.0.0.jar;C:\Users\TC\.m2\repository\io\r2dbc\r2dbc-spi\1.0.0.RELEASE\r2dbc-spi-1.0.0.RELEASE.jar;C:\Users\TC\.m2\repository\io\micronaut\serde\micronaut-serde-jackson\1.5.3\micronaut-serde-jackson-1.5.3.jar;C:\Users\TC\.m2\repository\com\fasterxml\jackson\core\jackson-annotations\2.15.0\jackson-annotations-2.15.0.jar;C:\Users\TC\.m2\repository\io\micronaut\micronaut-context\3.10.1\micronaut-context-3.10.1.jar;C:\Users\TC\.m2\repository\io\micronaut\serde\micronaut-serde-api\1.5.3\micronaut-serde-api-1.5.3.jar;C:\Users\TC\.m2\repository\io\micronaut\serde\micronaut-serde-support\1.5.3\micronaut-serde-support-1.5.3.jar;C:\Users\TC\.m2\repository\io\r2dbc\r2dbc-postgresql\0.8.13.RELEASE\r2dbc-postgresql-0.8.13.RELEASE.jar;C:\Users\TC\.m2\repository\com\ongres\scram\client\2.1\client-2.1.jar;C:\Users\TC\.m2\repository\com\ongres\scram\common\2.1\common-2.1.jar;C:\Users\TC\.m2\repository\com\ongres\stringprep\saslprep\1.1\saslprep-1.1.jar;C:\Users\TC\.m2\repository\com\ongres\stringprep\stringprep\1.1\stringprep-1.1.jar;C:\Users\TC\.m2\repository\io\projectreactor\netty\reactor-netty\0.9.25.RELEASE\reactor-netty-0.9.25.RELEASE.jar;C:\Users\TC\.m2\repository\io\netty\netty-transport-native-epoll\4.1.94.Final\netty-transport-native-epoll-4.1.94.Final-linux-x86_64.jar;C:\Users\TC\.m2\repository\io\netty\netty-transport-classes-epoll\4.1.94.Final\netty-transport-classes-epoll-4.1.94.Final.jar;C:\Users\TC\.m2\repository\io\micronaut\reactor\micronaut-reactor\2.6.0\micronaut-reactor-2.6.0.jar;C:\Users\TC\.m2\repository\org\mapstruct\mapstruct\1.5.0.Final\mapstruct-1.5.0.Final.jar;C:\Users\TC\.m2\repository\org\mapstruct\mapstruct-processor\1.5.0.Final\mapstruct-processor-1.5.0.Final.jar;C:\Users\TC\.m2\repository\org\projectlombok\lombok\1.18.24\lombok-1.18.24.jar;C:\Users\TC\.m2\repository\io\micronaut\test\micronaut-test-junit5\3.9.2\micronaut-test-junit5-3.9.2.jar;C:\Users\TC\.m2\repository\io\micronaut\test\micronaut-test-core\3.9.2\micronaut-test-core-3.9.2.jar;C:\Users\TC\.m2\repository\org\junit\jupiter\junit-jupiter-api\5.9.1\junit-jupiter-api-5.9.1.jar;C:\Users\TC\.m2\repository\org\opentest4j\opentest4j\1.2.0\opentest4j-1.2.0.jar;C:\Users\TC\.m2\repository\org\junit\platform\junit-platform-commons\1.9.1\junit-platform-commons-1.9.1.jar;C:\Users\TC\.m2\repository\org\apiguardian\apiguardian-api\1.1.2\apiguardian-api-1.1.2.jar;C:\Users\TC\.m2\repository\org\junit\jupiter\junit-jupiter-engine\5.9.1\junit-jupiter-engine-5.9.1.jar;C:\Users\TC\.m2\repository\org\junit\platform\junit-platform-engine\1.9.1\junit-platform-engine-1.9.1.jar;"/>
    <property name="sun.cpu.endian" value="little"/>
    <property name="user.home" value="C:\Users\TC"/>
    <property name="user.language" value="en"/>
    <property name="java.specification.vendor" value="Oracle Corporation"/>
    <property name="java.version.date" value="2021-09-14"/>
    <property name="java.home" value="C:\Program Files\Java\jdk-17"/>
    <property name="file.separator" value="\"/>
    <property name="basedir" value="C:\Users\TC\Downloads\microFinance1 (2)\microFinance1\microFinance1"/>
    <property name="java.vm.compressedOopsMode" value="Zero based"/>
    <property name="line.separator" value="&#10;"/>
    <property name="java.vm.specification.vendor" value="Oracle Corporation"/>
    <property name="java.specification.name" value="Java Platform API Specification"/>
    <property name="surefire.real.class.path" value="C:\Users\TC\AppData\Local\Temp\surefire3039269994268588295\surefirebooter18223097937237498475.jar"/>
    <property name="user.script" value=""/>
    <property name="sun.management.compiler" value="HotSpot 64-Bit Tiered Compilers"/>
    <property name="java.runtime.version" value="17+35-LTS-2724"/>
    <property name="user.name" value="TC"/>
    <property name="path.separator" value=";"/>
    <property name="os.version" value="10.0"/>
    <property name="java.runtime.name" value="Java(TM) SE Runtime Environment"/>
    <property name="file.encoding" value="Cp1252"/>
    <property name="java.vm.name" value="Java HotSpot(TM) 64-Bit Server VM"/>
    <property name="localRepository" value="C:\Users\TC\.m2\repository"/>
    <property name="java.vendor.url.bug" value="https://bugreport.java.com/bugreport/"/>
    <property name="java.io.tmpdir" value="C:\Users\TC\AppData\Local\Temp\"/>
    <property name="idea.version" value="2023.1.3"/>
    <property name="java.version" value="17"/>
    <property name="user.dir" value="C:\Users\TC\Downloads\microFinance1 (2)\microFinance1\microFinance1"/>
    <property name="os.arch" value="amd64"/>
    <property name="java.vm.specification.name" value="Java Virtual Machine Specification"/>
    <property name="sun.os.patch.level" value=""/>
    <property name="native.encoding" value="Cp1252"/>
    <property name="java.library.path" value="C:\Program Files\Java\jdk-17\bin;C:\WINDOWS\Sun\Java\bin;C:\WINDOWS\system32;C:\WINDOWS;C:\Program Files\Common Files\Oracle\Java\javapath;C:\Python311\Scripts\;C:\Python311\;C:\WINDOWS\system32;C:\WINDOWS;C:\WINDOWS\System32\Wbem;C:\WINDOWS\System32\WindowsPowerShell\v1.0\;C:\WINDOWS\System32\OpenSSH\;C:\Program Files\MongoDB\Server\6.0\bin;C:\Program Files\MongoDB\mongosh-1.10.1-win32-x64\bin;C:\Program Files\MongoDB\Tools\100\bin;C:\Program Files\Git\cmd;C:\Program Files\Docker\Docker\resources\bin;C:\minikube;C:\Program Files\nodejs\;C:\ProgramData\chocolatey\bin;C:\Program Files\MySQL\MySQL Server 8.0\bin;C:\Users\TC\Downloads\micronaut-cli-3.10.0\micronaut-cli-3.10.0\bin;C:\Users\TC\Downloads\apache-maven-3.9.4-bin\apache-maven-3.9.4\bin;C:\Program Files\PuTTY\;C:\Program Files\Java\jdk-17\bin;C:\Program Files\MySQL\MySQL Shell 8.0\bin\;C:\Users\TC\AppData\Local\Microsoft\WindowsApps;C:\Program Files\JetBrains\IntelliJ IDEA Community Edition 2023.1.3\bin;;C:\Users\TC\AppData\Local\Programs\Microsoft VS Code\bin;C:\Users\TC\AppData\Roaming\npm;C:\Program Files\Java\jdk-17\bin;;."/>
    <property name="java.vm.info" value="mixed mode, sharing"/>
    <property name="java.vendor" value="Oracle Corporation"/>
    <property name="java.vm.version" value="17+35-LTS-2724"/>
    <property name="sun.io.unicode.encoding" value="UnicodeLittle"/>
    <property name="java.class.version" value="61.0"/>
  </properties>
  <testcase name="com.microFinance1.MicroFinance1Test" classname="com.microFinance1.MicroFinance1Test" time="3.336">
    <error message="Error instantiating bean of type  [io.micronaut.transaction.test.DefaultTestTransactionExecutionListener]&#10;&#10;Message: Transaction mode is not supported when the synchronous transaction manager is created using Reactive transaction manager!&#10;Path Taken: new DefaultTestTransactionExecutionListener(SynchronousTransactionManager transactionManager,boolean rollback,TransactionMode transactionMode,SpockMethodTransactionDefinitionProvider spockMethodTransactionDefinitionProvider)" type="io.micronaut.context.exceptions.BeanInstantiationException">io.micronaut.context.exceptions.BeanInstantiationException: 
Error instantiating bean of type  [io.micronaut.transaction.test.DefaultTestTransactionExecutionListener]

Message: Transaction mode is not supported when the synchronous transaction manager is created using Reactive transaction manager!
Path Taken: new DefaultTestTransactionExecutionListener(SynchronousTransactionManager transactionManager,boolean rollback,TransactionMode transactionMode,SpockMethodTransactionDefinitionProvider spockMethodTransactionDefinitionProvider)
Caused by: java.lang.IllegalStateException: Transaction mode is not supported when the synchronous transaction manager is created using Reactive transaction manager!
</error>
    <system-out><![CDATA[20:06:17.733 [main] INFO  i.m.c.DefaultApplicationContext$RuntimeConfiguredEnvironment - Established active environments: [test]
20:06:18.472 [main] INFO  i.m.flyway.AbstractFlywayMigration - Running migrations for database with qualifier [default]
20:06:18.477 [main] INFO  o.f.c.i.license.VersionPrinter - Flyway Community Edition 8.5.13 by Redgate
20:06:18.477 [main] INFO  o.f.c.i.license.VersionPrinter - See what's new here: https://flywaydb.org/documentation/learnmore/releaseNotes#8.5.13
20:06:18.477 [main] INFO  o.f.c.i.license.VersionPrinter - 
20:06:18.819 [main] INFO  o.f.c.i.d.base.BaseDatabaseType - Database: jdbc:postgresql://localhost:5432/small_finance (PostgreSQL 15.4)
20:06:18.831 [main] WARN  o.f.c.i.database.base.Database - Flyway upgrade recommended: PostgreSQL 15.4 is newer than this version of Flyway and support has not been tested. The latest supported version of PostgreSQL is 14.
20:06:18.920 [main] INFO  o.f.core.internal.command.DbValidate - Successfully validated 1 migration (execution time 00:00.062s)
20:06:18.933 [main] INFO  o.f.core.internal.command.DbMigrate - Current version of schema "public": 1
20:06:18.935 [main] INFO  o.f.core.internal.command.DbMigrate - Schema "public" is up to date. No migration necessary.
]]></system-out>
  </testcase>
</testsuite>